{"/home/alexgreen65/repos/Battleship/src/Gameboard.js": {"path":"/home/alexgreen65/repos/Battleship/src/Gameboard.js","statementMap":{"0":{"start":{"line":5,"column":4},"end":{"line":5,"column":20}},"1":{"start":{"line":6,"column":4},"end":{"line":6,"column":25}},"2":{"start":{"line":7,"column":4},"end":{"line":7,"column":25}},"3":{"start":{"line":11,"column":22},"end":{"line":11,"column":24}},"4":{"start":{"line":12,"column":17},"end":{"line":12,"column":33}},"5":{"start":{"line":13,"column":4},"end":{"line":29,"column":5}},"6":{"start":{"line":13,"column":17},"end":{"line":13,"column":18}},"7":{"start":{"line":14,"column":16},"end":{"line":14,"column":70}},"8":{"start":{"line":15,"column":19},"end":{"line":15,"column":79}},"9":{"start":{"line":18,"column":6},"end":{"line":25,"column":7}},"10":{"start":{"line":20,"column":20},"end":{"line":20,"column":62}},"11":{"start":{"line":23,"column":8},"end":{"line":23,"column":52}},"12":{"start":{"line":24,"column":8},"end":{"line":24,"column":15}},"13":{"start":{"line":27,"column":6},"end":{"line":27,"column":40}},"14":{"start":{"line":28,"column":6},"end":{"line":28,"column":44}},"15":{"start":{"line":31,"column":20},"end":{"line":31,"column":41}},"16":{"start":{"line":32,"column":4},"end":{"line":32,"column":31}},"17":{"start":{"line":33,"column":4},"end":{"line":33,"column":21}},"18":{"start":{"line":37,"column":14},"end":{"line":37,"column":19}},"19":{"start":{"line":38,"column":4},"end":{"line":50,"column":5}},"20":{"start":{"line":38,"column":17},"end":{"line":38,"column":18}},"21":{"start":{"line":39,"column":6},"end":{"line":48,"column":7}},"22":{"start":{"line":39,"column":19},"end":{"line":39,"column":20}},"23":{"start":{"line":40,"column":8},"end":{"line":47,"column":9}},"24":{"start":{"line":44,"column":10},"end":{"line":44,"column":35}},"25":{"start":{"line":45,"column":10},"end":{"line":45,"column":21}},"26":{"start":{"line":46,"column":10},"end":{"line":46,"column":16}},"27":{"start":{"line":49,"column":6},"end":{"line":49,"column":21}},"28":{"start":{"line":49,"column":15},"end":{"line":49,"column":21}},"29":{"start":{"line":51,"column":4},"end":{"line":53,"column":5}},"30":{"start":{"line":52,"column":6},"end":{"line":52,"column":44}},"31":{"start":{"line":57,"column":4},"end":{"line":57,"column":68}},"32":{"start":{"line":57,"column":43},"end":{"line":57,"column":66}}},"fnMap":{"0":{"name":"(anonymous_0)","decl":{"start":{"line":4,"column":2},"end":{"line":4,"column":3}},"loc":{"start":{"line":4,"column":16},"end":{"line":8,"column":3}},"line":4},"1":{"name":"(anonymous_1)","decl":{"start":{"line":10,"column":2},"end":{"line":10,"column":3}},"loc":{"start":{"line":10,"column":56},"end":{"line":34,"column":3}},"line":10},"2":{"name":"(anonymous_2)","decl":{"start":{"line":20,"column":10},"end":{"line":20,"column":11}},"loc":{"start":{"line":20,"column":20},"end":{"line":20,"column":62}},"line":20},"3":{"name":"(anonymous_3)","decl":{"start":{"line":36,"column":2},"end":{"line":36,"column":3}},"loc":{"start":{"line":36,"column":29},"end":{"line":54,"column":3}},"line":36},"4":{"name":"(anonymous_4)","decl":{"start":{"line":56,"column":2},"end":{"line":56,"column":3}},"loc":{"start":{"line":56,"column":17},"end":{"line":58,"column":3}},"line":56},"5":{"name":"(anonymous_5)","decl":{"start":{"line":57,"column":28},"end":{"line":57,"column":29}},"loc":{"start":{"line":57,"column":43},"end":{"line":57,"column":66}},"line":57}},"branchMap":{"0":{"loc":{"start":{"line":14,"column":16},"end":{"line":14,"column":70}},"type":"cond-expr","locations":[{"start":{"line":14,"column":47},"end":{"line":14,"column":55}},{"start":{"line":14,"column":58},"end":{"line":14,"column":70}}],"line":14},"1":{"loc":{"start":{"line":15,"column":19},"end":{"line":15,"column":79}},"type":"cond-expr","locations":[{"start":{"line":15,"column":50},"end":{"line":15,"column":65}},{"start":{"line":15,"column":68},"end":{"line":15,"column":79}}],"line":15},"2":{"loc":{"start":{"line":18,"column":6},"end":{"line":25,"column":7}},"type":"if","locations":[{"start":{"line":18,"column":6},"end":{"line":25,"column":7}},{"start":{},"end":{}}],"line":18},"3":{"loc":{"start":{"line":20,"column":20},"end":{"line":20,"column":62}},"type":"binary-expr","locations":[{"start":{"line":20,"column":20},"end":{"line":20,"column":36}},{"start":{"line":20,"column":40},"end":{"line":20,"column":62}}],"line":20},"4":{"loc":{"start":{"line":40,"column":8},"end":{"line":47,"column":9}},"type":"if","locations":[{"start":{"line":40,"column":8},"end":{"line":47,"column":9}},{"start":{},"end":{}}],"line":40},"5":{"loc":{"start":{"line":41,"column":10},"end":{"line":42,"column":55}},"type":"binary-expr","locations":[{"start":{"line":41,"column":10},"end":{"line":41,"column":49}},{"start":{"line":42,"column":10},"end":{"line":42,"column":55}}],"line":41},"6":{"loc":{"start":{"line":49,"column":6},"end":{"line":49,"column":21}},"type":"if","locations":[{"start":{"line":49,"column":6},"end":{"line":49,"column":21}},{"start":{},"end":{}}],"line":49},"7":{"loc":{"start":{"line":51,"column":4},"end":{"line":53,"column":5}},"type":"if","locations":[{"start":{"line":51,"column":4},"end":{"line":53,"column":5}},{"start":{},"end":{}}],"line":51}},"s":{"0":14,"1":14,"2":14,"3":6,"4":6,"5":6,"6":6,"7":18,"8":18,"9":18,"10":18,"11":0,"12":0,"13":18,"14":18,"15":6,"16":6,"17":6,"18":109,"19":109,"20":109,"21":6,"22":6,"23":11,"24":5,"25":5,"26":5,"27":6,"28":5,"29":109,"30":104,"31":2,"32":2},"f":{"0":14,"1":6,"2":18,"3":109,"4":2,"5":2},"b":{"0":[15,3],"1":[15,3],"2":[0,18],"3":[18,15],"4":[5,6],"5":[11,8],"6":[5,1],"7":[104,5]},"_coverageSchema":"1a1c01bbd47fc00a2c39e90264f33305004495a9","hash":"f77193db8e27ac80967333be37e54cb87a601c77"}
,"/home/alexgreen65/repos/Battleship/src/Player.js": {"path":"/home/alexgreen65/repos/Battleship/src/Player.js","statementMap":{"0":{"start":{"line":5,"column":4},"end":{"line":5,"column":33}},"1":{"start":{"line":6,"column":4},"end":{"line":6,"column":37}},"2":{"start":{"line":7,"column":4},"end":{"line":7,"column":30}},"3":{"start":{"line":11,"column":4},"end":{"line":11,"column":46}},"4":{"start":{"line":12,"column":4},"end":{"line":12,"column":47}},"5":{"start":{"line":17,"column":4},"end":{"line":24,"column":6}},"6":{"start":{"line":22,"column":20},"end":{"line":22,"column":66}},"7":{"start":{"line":18,"column":6},"end":{"line":18,"column":43}},"8":{"start":{"line":19,"column":6},"end":{"line":19,"column":46}},"9":{"start":{"line":26,"column":4},"end":{"line":26,"column":45}}},"fnMap":{"0":{"name":"(anonymous_0)","decl":{"start":{"line":4,"column":2},"end":{"line":4,"column":3}},"loc":{"start":{"line":4,"column":34},"end":{"line":8,"column":3}},"line":4},"1":{"name":"(anonymous_1)","decl":{"start":{"line":10,"column":2},"end":{"line":10,"column":3}},"loc":{"start":{"line":10,"column":38},"end":{"line":13,"column":3}},"line":10},"2":{"name":"(anonymous_2)","decl":{"start":{"line":15,"column":2},"end":{"line":15,"column":3}},"loc":{"start":{"line":15,"column":33},"end":{"line":27,"column":3}},"line":15},"3":{"name":"(anonymous_3)","decl":{"start":{"line":22,"column":8},"end":{"line":22,"column":9}},"loc":{"start":{"line":22,"column":20},"end":{"line":22,"column":66}},"line":22}},"branchMap":{"0":{"loc":{"start":{"line":4,"column":14},"end":{"line":4,"column":32}},"type":"default-arg","locations":[{"start":{"line":4,"column":27},"end":{"line":4,"column":32}}],"line":4},"1":{"loc":{"start":{"line":22,"column":20},"end":{"line":22,"column":66}},"type":"binary-expr","locations":[{"start":{"line":22,"column":20},"end":{"line":22,"column":38}},{"start":{"line":22,"column":42},"end":{"line":22,"column":66}}],"line":22}},"s":{"0":4,"1":4,"2":4,"3":103,"4":103,"5":101,"6":17462,"7":378,"8":378,"9":101},"f":{"0":4,"1":103,"2":101,"3":17462},"b":{"0":[4],"1":[17462,1845]},"_coverageSchema":"1a1c01bbd47fc00a2c39e90264f33305004495a9","hash":"6a92a8543424a31af2b66d10bd19b3e618afc905"}
,"/home/alexgreen65/repos/Battleship/src/Ship.js": {"path":"/home/alexgreen65/repos/Battleship/src/Ship.js","statementMap":{"0":{"start":{"line":3,"column":4},"end":{"line":3,"column":25}},"1":{"start":{"line":4,"column":4},"end":{"line":4,"column":22}},"2":{"start":{"line":5,"column":4},"end":{"line":5,"column":22}},"3":{"start":{"line":9,"column":4},"end":{"line":9,"column":20}},"4":{"start":{"line":13,"column":4},"end":{"line":17,"column":5}},"5":{"start":{"line":14,"column":6},"end":{"line":14,"column":23}},"6":{"start":{"line":16,"column":6},"end":{"line":16,"column":24}},"7":{"start":{"line":18,"column":4},"end":{"line":18,"column":21}}},"fnMap":{"0":{"name":"(anonymous_0)","decl":{"start":{"line":2,"column":2},"end":{"line":2,"column":3}},"loc":{"start":{"line":2,"column":22},"end":{"line":6,"column":3}},"line":2},"1":{"name":"(anonymous_1)","decl":{"start":{"line":8,"column":2},"end":{"line":8,"column":3}},"loc":{"start":{"line":8,"column":8},"end":{"line":10,"column":3}},"line":8},"2":{"name":"(anonymous_2)","decl":{"start":{"line":12,"column":2},"end":{"line":12,"column":3}},"loc":{"start":{"line":12,"column":11},"end":{"line":19,"column":3}},"line":12}},"branchMap":{"0":{"loc":{"start":{"line":13,"column":4},"end":{"line":17,"column":5}},"type":"if","locations":[{"start":{"line":13,"column":4},"end":{"line":17,"column":5}},{"start":{"line":15,"column":11},"end":{"line":17,"column":5}}],"line":13}},"s":{"0":10,"1":10,"2":10,"3":9,"4":4,"5":2,"6":2,"7":4},"f":{"0":10,"1":9,"2":4},"b":{"0":[2,2]},"_coverageSchema":"1a1c01bbd47fc00a2c39e90264f33305004495a9","hash":"999d7ce3a839fbaccaabd1fbfa05d75fe9e1d5c5"}
}
