TN:
SF:src/Gameboard.js
FN:4,(anonymous_0)
FN:10,(anonymous_1)
FN:20,(anonymous_2)
FN:36,(anonymous_3)
FN:56,(anonymous_4)
FN:57,(anonymous_5)
FNF:6
FNH:6
FNDA:14,(anonymous_0)
FNDA:6,(anonymous_1)
FNDA:18,(anonymous_2)
FNDA:109,(anonymous_3)
FNDA:2,(anonymous_4)
FNDA:2,(anonymous_5)
DA:5,14
DA:6,14
DA:7,14
DA:11,6
DA:12,6
DA:13,6
DA:14,18
DA:15,18
DA:18,18
DA:20,18
DA:23,0
DA:24,0
DA:27,18
DA:28,18
DA:31,6
DA:32,6
DA:33,6
DA:37,109
DA:38,109
DA:39,6
DA:40,11
DA:44,5
DA:45,5
DA:46,5
DA:49,6
DA:51,109
DA:52,104
DA:57,2
LF:28
LH:26
BRDA:14,0,0,15
BRDA:14,0,1,3
BRDA:15,1,0,15
BRDA:15,1,1,3
BRDA:18,2,0,0
BRDA:18,2,1,18
BRDA:20,3,0,18
BRDA:20,3,1,15
BRDA:40,4,0,5
BRDA:40,4,1,6
BRDA:41,5,0,11
BRDA:41,5,1,8
BRDA:49,6,0,5
BRDA:49,6,1,1
BRDA:51,7,0,104
BRDA:51,7,1,5
BRF:16
BRH:15
end_of_record
TN:
SF:src/Player.js
FN:4,(anonymous_0)
FN:10,(anonymous_1)
FN:15,(anonymous_2)
FN:22,(anonymous_3)
FNF:4
FNH:4
FNDA:4,(anonymous_0)
FNDA:103,(anonymous_1)
FNDA:101,(anonymous_2)
FNDA:17462,(anonymous_3)
DA:5,4
DA:6,4
DA:7,4
DA:11,103
DA:12,103
DA:17,101
DA:18,378
DA:19,378
DA:22,17462
DA:26,101
LF:10
LH:10
BRDA:4,0,0,4
BRDA:22,1,0,17462
BRDA:22,1,1,1845
BRF:3
BRH:3
end_of_record
TN:
SF:src/Ship.js
FN:2,(anonymous_0)
FN:8,(anonymous_1)
FN:12,(anonymous_2)
FNF:3
FNH:3
FNDA:10,(anonymous_0)
FNDA:9,(anonymous_1)
FNDA:4,(anonymous_2)
DA:3,10
DA:4,10
DA:5,10
DA:9,9
DA:13,4
DA:14,2
DA:16,2
DA:18,4
LF:8
LH:8
BRDA:13,0,0,2
BRDA:13,0,1,2
BRF:2
BRH:2
end_of_record
